<?xml version="1.0" encoding="UTF-8"?>
<testng-results ignored="0" total="2" passed="2" failed="0" skipped="0">
  <reporter-output>
  </reporter-output>
  <suite started-at="2024-05-07T22:44:02 IST" name="Default suite" finished-at="2024-05-07T22:44:04 IST" duration-ms="2437">
    <groups>
    </groups>
    <test started-at="2024-05-07T22:44:02 IST" name="Default test" finished-at="2024-05-07T22:44:04 IST" duration-ms="2437">
      <class name="data_driven.test_driven">
        <test-method is-config="true" signature="setUp()[pri:0, instance:data_driven.test_driven@3911c2a7]" started-at="2024-05-07T22:44:02 IST" name="setUp" finished-at="2024-05-07T22:44:03 IST" duration-ms="1571" status="PASS">
          <reporter-output>
          </reporter-output>
        </test-method> <!-- setUp -->
        <test-method signature="testLogin(java.lang.String,java.lang.String)[pri:0, instance:data_driven.test_driven@3911c2a7]" started-at="2024-05-07T22:44:03 IST" name="testLogin" data-provider="loginData" finished-at="2024-05-07T22:44:04 IST" duration-ms="321" status="PASS">
          <params>
            <param index="0">
              <value>
                <![CDATA[user1]]>
              </value>
            </param>
            <param index="1">
              <value>
                <![CDATA[password1]]>
              </value>
            </param>
          </params>
          <reporter-output>
          </reporter-output>
        </test-method> <!-- testLogin -->
        <test-method signature="testLogin(java.lang.String,java.lang.String)[pri:0, instance:data_driven.test_driven@3911c2a7]" started-at="2024-05-07T22:44:04 IST" name="testLogin" data-provider="loginData" finished-at="2024-05-07T22:44:04 IST" duration-ms="310" status="PASS">
          <params>
            <param index="0">
              <value>
                <![CDATA[user2]]>
              </value>
            </param>
            <param index="1">
              <value>
                <![CDATA[password2]]>
              </value>
            </param>
          </params>
          <reporter-output>
          </reporter-output>
        </test-method> <!-- testLogin -->
        <test-method is-config="true" signature="tearDown()[pri:0, instance:data_driven.test_driven@3911c2a7]" started-at="2024-05-07T22:44:04 IST" name="tearDown" finished-at="2024-05-07T22:44:04 IST" duration-ms="199" status="PASS">
          <reporter-output>
          </reporter-output>
        </test-method> <!-- tearDown -->
      </class> <!-- data_driven.test_driven -->
    </test> <!-- Default test -->
  </suite> <!-- Default suite -->
</testng-results>
