<?xml version="1.0" encoding="UTF-8"?>
<testng-results ignored="0" total="1" passed="1" failed="0" skipped="0">
  <reporter-output>
  </reporter-output>
  <suite started-at="2024-05-07T20:25:18 IST" name="Default suite" finished-at="2024-05-07T20:25:20 IST" duration-ms="2154">
    <groups>
    </groups>
    <test started-at="2024-05-07T20:25:18 IST" name="Default test" finished-at="2024-05-07T20:25:20 IST" duration-ms="2154">
      <class name="pom_test.NewTest">
        <test-method is-config="true" signature="setUp()[pri:0, instance:pom_test.NewTest@30ee2816]" started-at="2024-05-07T20:25:18 IST" name="setUp" finished-at="2024-05-07T20:25:19 IST" duration-ms="1600" status="PASS">
          <reporter-output>
          </reporter-output>
        </test-method> <!-- setUp -->
        <test-method signature="testLogin()[pri:0, instance:pom_test.NewTest@30ee2816]" started-at="2024-05-07T20:25:19 IST" name="testLogin" finished-at="2024-05-07T20:25:20 IST" duration-ms="529" status="PASS">
          <reporter-output>
          </reporter-output>
        </test-method> <!-- testLogin -->
        <test-method is-config="true" signature="tearDown()[pri:0, instance:pom_test.NewTest@30ee2816]" started-at="2024-05-07T20:25:20 IST" name="tearDown" finished-at="2024-05-07T20:25:20 IST" duration-ms="1" status="PASS">
          <reporter-output>
          </reporter-output>
        </test-method> <!-- tearDown -->
      </class> <!-- pom_test.NewTest -->
    </test> <!-- Default test -->
  </suite> <!-- Default suite -->
</testng-results>
