<?xml version="1.0" encoding="UTF-8"?>
<testng-results ignored="0" total="1" passed="1" failed="0" skipped="0">
  <reporter-output>
  </reporter-output>
  <suite started-at="2024-05-07T20:30:30 IST" name="Default suite" finished-at="2024-05-07T20:30:40 IST" duration-ms="9939">
    <groups>
    </groups>
    <test started-at="2024-05-07T20:30:30 IST" name="Default test" finished-at="2024-05-07T20:30:40 IST" duration-ms="9939">
      <class name="NewTest">
        <test-method is-config="true" signature="setUp()[pri:0, instance:NewTest@635eaaf1]" started-at="2024-05-07T20:30:30 IST" name="setUp" finished-at="2024-05-07T20:30:32 IST" duration-ms="1485" status="PASS">
          <reporter-output>
          </reporter-output>
        </test-method> <!-- setUp -->
        <test-method signature="testSearchPerformance()[pri:0, instance:NewTest@635eaaf1]" started-at="2024-05-07T20:30:32 IST" name="testSearchPerformance" finished-at="2024-05-07T20:30:40 IST" duration-ms="8234" status="PASS">
          <reporter-output>
          </reporter-output>
        </test-method> <!-- testSearchPerformance -->
        <test-method is-config="true" signature="tearDown()[pri:0, instance:NewTest@635eaaf1]" started-at="2024-05-07T20:30:40 IST" name="tearDown" finished-at="2024-05-07T20:30:40 IST" duration-ms="193" status="PASS">
          <reporter-output>
          </reporter-output>
        </test-method> <!-- tearDown -->
      </class> <!-- NewTest -->
    </test> <!-- Default test -->
  </suite> <!-- Default suite -->
</testng-results>
