<?xml version="1.0" encoding="UTF-8"?>
<testng-results ignored="0" total="1" passed="1" failed="0" skipped="0">
  <reporter-output>
  </reporter-output>
  <suite started-at="2024-05-07T21:36:28 IST" name="Default suite" finished-at="2024-05-07T21:36:41 IST" duration-ms="13083">
    <groups>
    </groups>
    <test started-at="2024-05-07T21:36:28 IST" name="Default test" finished-at="2024-05-07T21:36:41 IST" duration-ms="13083">
      <class name="ebay_pom.NewTest">
        <test-method is-config="true" signature="setUp()[pri:0, instance:ebay_pom.NewTest@30ee2816]" started-at="2024-05-07T21:36:28 IST" name="setUp" finished-at="2024-05-07T21:36:33 IST" duration-ms="5185" status="PASS">
          <reporter-output>
          </reporter-output>
        </test-method> <!-- setUp -->
        <test-method signature="searchAndAddToCartTest()[pri:0, instance:ebay_pom.NewTest@30ee2816]" started-at="2024-05-07T21:36:33 IST" name="searchAndAddToCartTest" finished-at="2024-05-07T21:36:41 IST" duration-ms="7673" status="PASS">
          <reporter-output>
          </reporter-output>
        </test-method> <!-- searchAndAddToCartTest -->
        <test-method is-config="true" signature="tearDown()[pri:0, instance:ebay_pom.NewTest@30ee2816]" started-at="2024-05-07T21:36:41 IST" name="tearDown" finished-at="2024-05-07T21:36:41 IST" duration-ms="194" status="PASS">
          <reporter-output>
          </reporter-output>
        </test-method> <!-- tearDown -->
      </class> <!-- ebay_pom.NewTest -->
    </test> <!-- Default test -->
  </suite> <!-- Default suite -->
</testng-results>
